<?xml version="1.0" encoding="UTF-8"?>
<testsuite xmlns:xsi="http://www.w3.org/2001/XMLSchema-instance" xsi:noNamespaceSchemaLocation="https://maven.apache.org/surefire/maven-surefire-plugin/xsd/surefire-test-report.xsd" name="gitactions.example.AppTest" time="0.041" tests="1" errors="0" skipped="0" failures="0">
  <properties>
    <property name="java.specification.version" value="19"/>
    <property name="sun.cpu.isalist" value="amd64"/>
    <property name="sun.jnu.encoding" value="Cp1252"/>
    <property name="java.class.path" value="c:\Users\Honnesh Raju\VS Code Maven\Gitactions\gitactions\target\test-classes;c:\Users\Honnesh Raju\VS Code Maven\Gitactions\gitactions\target\classes;C:\Users\Honnesh Raju\.m2\repository\junit\junit\4.11\junit-4.11.jar;C:\Users\Honnesh Raju\.m2\repository\org\hamcrest\hamcrest-core\1.3\hamcrest-core-1.3.jar;"/>
    <property name="java.vm.vendor" value="Oracle Corporation"/>
    <property name="sun.arch.data.model" value="64"/>
    <property name="user.variant" value=""/>
    <property name="java.vendor.url" value="https://java.oracle.com/"/>
    <property name="user.timezone" value="Asia/Calcutta"/>
    <property name="os.name" value="Windows 11"/>
    <property name="java.vm.specification.version" value="19"/>
    <property name="sun.java.launcher" value="SUN_STANDARD"/>
    <property name="user.country" value="IN"/>
    <property name="sun.boot.library.path" value="C:\Program Files\Java\jdk-19\bin"/>
    <property name="sun.java.command" value="C:\Users\HONNES~1\AppData\Local\Temp\surefire6321246363155442060\surefirebooter14444273938699515211.jar C:\Users\Honnesh Raju\AppData\Local\Temp\surefire6321246363155442060 2023-10-19T19-17-31_060-jvmRun1 surefire7114876397455208807tmp surefire_04568350370209268528tmp"/>
    <property name="jdk.debug" value="release"/>
    <property name="surefire.test.class.path" value="c:\Users\Honnesh Raju\VS Code Maven\Gitactions\gitactions\target\test-classes;c:\Users\Honnesh Raju\VS Code Maven\Gitactions\gitactions\target\classes;C:\Users\Honnesh Raju\.m2\repository\junit\junit\4.11\junit-4.11.jar;C:\Users\Honnesh Raju\.m2\repository\org\hamcrest\hamcrest-core\1.3\hamcrest-core-1.3.jar;"/>
    <property name="sun.cpu.endian" value="little"/>
    <property name="user.home" value="C:\Users\Honnesh Raju"/>
    <property name="user.language" value="en"/>
    <property name="java.specification.vendor" value="Oracle Corporation"/>
    <property name="java.version.date" value="2022-10-18"/>
    <property name="java.home" value="C:\Program Files\Java\jdk-19"/>
    <property name="file.separator" value="\"/>
    <property name="basedir" value="c:\Users\Honnesh Raju\VS Code Maven\Gitactions\gitactions"/>
    <property name="java.vm.compressedOopsMode" value="32-bit"/>
    <property name="line.separator" value="&#10;"/>
    <property name="java.vm.specification.vendor" value="Oracle Corporation"/>
    <property name="java.specification.name" value="Java Platform API Specification"/>
    <property name="surefire.real.class.path" value="C:\Users\HONNES~1\AppData\Local\Temp\surefire6321246363155442060\surefirebooter14444273938699515211.jar"/>
    <property name="user.script" value=""/>
    <property name="sun.management.compiler" value="HotSpot 64-Bit Tiered Compilers"/>
    <property name="java.runtime.version" value="19.0.1+10-21"/>
    <property name="user.name" value="Honnesh Raju"/>
    <property name="stdout.encoding" value="Cp1252"/>
    <property name="path.separator" value=";"/>
    <property name="os.version" value="10.0"/>
    <property name="java.runtime.name" value="Java(TM) SE Runtime Environment"/>
    <property name="file.encoding" value="UTF-8"/>
    <property name="java.vm.name" value="Java HotSpot(TM) 64-Bit Server VM"/>
    <property name="localRepository" value="C:\Users\Honnesh Raju\.m2\repository"/>
    <property name="java.vendor.url.bug" value="https://bugreport.java.com/bugreport/"/>
    <property name="java.io.tmpdir" value="C:\Users\HONNES~1\AppData\Local\Temp\"/>
    <property name="java.version" value="19.0.1"/>
    <property name="user.dir" value="c:\Users\Honnesh Raju\VS Code Maven\Gitactions\gitactions"/>
    <property name="os.arch" value="amd64"/>
    <property name="java.vm.specification.name" value="Java Virtual Machine Specification"/>
    <property name="sun.os.patch.level" value=""/>
    <property name="native.encoding" value="Cp1252"/>
    <property name="java.library.path" value="C:\Program Files\Java\jdk-19\bin;C:\WINDOWS\Sun\Java\bin;C:\WINDOWS\system32;C:\WINDOWS;C:\Program Files\Common Files\Oracle\Java\javapath;C:\WINDOWS\system32;C:\WINDOWS;C:\WINDOWS\System32\Wbem;C:\WINDOWS\System32\WindowsPowerShell\v1.0\;C:\WINDOWS\System32\OpenSSH\;C:\Program Files\dotnet\;C:\Users\Honnesh Raju\AppData\Local\Android\Sdk\tools\bin;C:\Users\Honnesh Raju\AppData\Local\Android\Sdk\tools;C:\Users\Honnesh Raju\AppData\Local\Android\Sdk\platform-tools;C:\Program Files\nodejs\node_modules\npm\bin;C:\Program Files\nodejs\node_modules\npm;C:\Program Files\nodejs\node_modules\;C:\Program Files\Git\cmd;C:\Program Files\Amazon\AWSCLIV2\;C:\Users\Honnesh Raju\AppData\Local\Programs\Python\Python38\Scripts\;C:\Users\Honnesh Raju\AppData\Local\Programs\Python\Python38\;C:\Python38\Scripts\;C:\Python38\;C:\Python\Scripts\;C:\Python\;C:\Users\Honnesh Raju\AppData\Local\Microsoft\WindowsApps;C:\Users\Honnesh Raju\AppData\Local\Android\Sdk\tools;C:\Users\Honnesh Raju\AppData\Local\Android\Sdk\build-tools;C:\Users\Honnesh Raju\AppData\Local\Android\Sdk\emulator;C:\Users\Honnesh Raju\AppData\Local\Android\Sdk\tools\bin;C:\Program Files\Java\jdk-19\bin;C:\Users\Honnesh Raju\AppData\Roaming\npm;C:\Users\Honnesh Raju\AppData\Local\Android\Sdk\platform-tools;C:\Program Files\JetBrains\PyCharm Community Edition 2022.1.2\bin;;C:\Users\Honnesh Raju\AppData\Local\Programs\Microsoft VS Code\bin;C:\Maven\apache-maven-3.9.4\bin;;."/>
    <property name="java.vm.info" value="mixed mode, sharing"/>
    <property name="stderr.encoding" value="Cp1252"/>
    <property name="java.vendor" value="Oracle Corporation"/>
    <property name="java.vm.version" value="19.0.1+10-21"/>
    <property name="sun.io.unicode.encoding" value="UnicodeLittle"/>
    <property name="java.class.version" value="63.0"/>
  </properties>
  <testcase name="shouldAnswerWithTrue" classname="gitactions.example.AppTest" time="0.019"/>
</testsuite>